빌드 시작: 2023-08-24 오전 10:04:38
     1>2 노드의 "C:\Users\pine\Desktop\WinMonitor\WinMonitor\WinMonitor.vcxproj" 프로젝트(build 대상)입니다.
     1>InitializeBuildStatus:
         "AlwaysCreate"이(가) 지정되었기 때문에 "Debug\WinMonitor.unsuccessfulbuild"을(를) 만들고 있습니다.
       ClCompile:
         모든 출력이 최신 상태입니다.
         C:\Program Files (x86)\Microsoft Visual Studio 10.0\VC\bin\CL.exe /c /ZI /nologo /W3 /WX- /Od /Oy- /D WIN32 /D _WINDOWS /D _DEBUG /D _MBCS /D _AFXDLL /Gm /EHsc /RTC1 /MDd /GS /fp:precise /Zc:wchar_t /Zc:forScope /Yu"StdAfx.h" /Fp"Debug\WinMonitor.pch" /Fo"Debug\\" /Fd"Debug\vc100.pdb" /Gd /TP /analyze- /errorReport:prompt WinMonitor.cpp WinMonitorDlg.cpp
         WinMonitorDlg.cpp
         코드를 생성하고 있습니다...
         컴파일하고 있습니다...
         WinMonitor.cpp
         코드를 생성하고 있습니다...
       ResourceCompile:
         모든 출력이 최신 상태입니다.
       ManifestResourceCompile:
         모든 출력이 최신 상태입니다.
       Link:
         C:\Program Files (x86)\Microsoft Visual Studio 10.0\VC\bin\link.exe /ERRORREPORT:PROMPT /OUT:"C:\Users\pine\Desktop\WinMonitor\Debug\WinMonitor.exe" /INCREMENTAL /NOLOGO /MANIFEST /ManifestFile:"Debug\WinMonitor.exe.intermediate.manifest" /MANIFESTUAC:"level='asInvoker' uiAccess='false'" /DEBUG /PDB:"C:\Users\pine\Desktop\WinMonitor\Debug\WinMonitor.pdb" /SUBSYSTEM:WINDOWS /TLBID:1 /DYNAMICBASE /NXCOMPAT /IMPLIB:"C:\Users\pine\Desktop\WinMonitor\Debug\WinMonitor.lib" /MACHINE:X86 Debug\WinMonitor.res
         Debug\WinMonitor.exe.embed.manifest.res
         Debug\2DPushGraph.obj
         Debug\CpuUsage.obj
         Debug\stdafx.obj
         Debug\WinMonitor.obj
         Debug\WinMonitorDlg.obj
       Manifest:
         C:\Program Files (x86)\Microsoft SDKs\Windows\v7.0A\bin\mt.exe /nologo /verbose /out:"Debug\WinMonitor.exe.embed.manifest" /manifest Debug\WinMonitor.exe.intermediate.manifest "C:\Program Files (x86)\Microsoft Visual Studio 10.0\VC\Include\Manifest\dpiaware.manifest"
         모든 출력이 최신 상태입니다.
       LinkEmbedManifest:
         모든 출력이 최신 상태입니다.
         WinMonitor.vcxproj -> C:\Users\pine\Desktop\WinMonitor\Debug\WinMonitor.exe
       FinalizeBuildStatus:
         "Debug\WinMonitor.unsuccessfulbuild" 파일을 삭제하고 있습니다.
         "Debug\WinMonitor.lastbuildstate"에 연결(touching)하고 있습니다.
     1>"C:\Users\pine\Desktop\WinMonitor\WinMonitor\WinMonitor.vcxproj" 프로젝트를 빌드했습니다(build 대상).

빌드했습니다.

경과 시간: 00:00:00.63
